
Unigraphics NX2212.7001 / 2D Exchange

Reading part: C:\Users\MNXYG\AppData\Local\Temp\油门-装配体_MNXY76C0D807spoi.prt


Writing part: C:\Users\MNXYG\AppData\Local\Temp\MNXY76C0D807spoh.prt

Elapsed time   :    0 minutes,  0 seconds
Actual CPU Time:    0 minutes,  0 seconds

INFO-
INFO-		Unigraphics Version NX2212.7001 to AutoCAD 2004
INFO-		
INFO-
INFO-		Running UGTODXF Translator .....
INFO-
INFO-		Start of Translation: Wed Apr 16 15:08:10 2025
INFO-
STATUS-		Converting C:\Users\MNXYG\AppData\Local\Temp\MNXY76C0D807spoh.prt
STATUS-
SUMMARY-
SUMMARY-	Summary of Unigraphics Input Entities
SUMMARY-	For Unigraphics File: C:\Users\MNXYG\AppData\Local\Temp\MNXY76C0D807spoh.prt
SUMMARY-	------------------------------------------------------------------
SUMMARY-	Entity Type					Count
SUMMARY-	------------------------------------------------------------------
SUMMARY-	Line .....................................:	8
SUMMARY-	Arc ......................................:	8
SUMMARY-	Circle ...................................:	8
SUMMARY-	------------------------------------------------------------------
SUMMARY-	Total ....................................:	24
SUMMARY-	------------------------------------------------------------------
SUMMARY-
STATUS-
INFO-
INFO-		Writing File: D:\workspace\kicad\kicad-prj\USB-HID-FLAYCONTROL\ternel_handel\ternel_handel.dxf
SUMMARY-	Summary of AutoCAD Output Entities
SUMMARY-	------------------------------------------------------------------
SUMMARY-	Entity Type					Count
SUMMARY-	------------------------------------------------------------------
SUMMARY-	Arc ......................................:	8
SUMMARY-	Circle ...................................:	8
SUMMARY-	Line .....................................:	8
SUMMARY-	Layout ...................................:	6
SUMMARY-	------------------------------------------------------------------
SUMMARY-	Total ....................................:	30
SUMMARY-	------------------------------------------------------------------
SUMMARY-
INFO-
INFO-		End of Translation: Wed Apr 16 15:08:41 2025
INFO-		Translation CPU time: 0 m, 31 sINFO-
