
Unigraphics NX2212.7001 / 2D Exchange

Reading part: C:\Users\MNXYG\AppData\Local\Temp\油门-装配体_MNXYA0EC1F6Fu6lz.prt


Writing part: C:\Users\MNXYG\AppData\Local\Temp\MNXYA0EC1F6Fu6ly.prt

Elapsed time   :    0 minutes,  0 seconds
Actual CPU Time:    0 minutes,  0 seconds

INFO-
INFO-		Unigraphics Version NX2212.7001 to AutoCAD 2004
INFO-		
INFO-
INFO-		Running UGTODXF Translator .....
INFO-
INFO-		Start of Translation: Thu Apr 17 08:30:21 2025
INFO-
STATUS-		Converting C:\Users\MNXYG\AppData\Local\Temp\MNXYA0EC1F6Fu6ly.prt
STATUS-
SUMMARY-
SUMMARY-	Summary of Unigraphics Input Entities
SUMMARY-	For Unigraphics File: C:\Users\MNXYG\AppData\Local\Temp\MNXYA0EC1F6Fu6ly.prt
SUMMARY-	------------------------------------------------------------------
SUMMARY-	Entity Type					Count
SUMMARY-	------------------------------------------------------------------
SUMMARY-	Line .....................................:	4
SUMMARY-	Arc ......................................:	4
SUMMARY-	Circle ...................................:	4
SUMMARY-	------------------------------------------------------------------
SUMMARY-	Total ....................................:	12
SUMMARY-	------------------------------------------------------------------
SUMMARY-
STATUS-
INFO-
INFO-		Writing File: D:\workspace\kicad\kicad-prj\USB-HID-FLAYCONTROL\ternel_box\ternel_box.dxf
SUMMARY-	Summary of AutoCAD Output Entities
SUMMARY-	------------------------------------------------------------------
SUMMARY-	Entity Type					Count
SUMMARY-	------------------------------------------------------------------
SUMMARY-	Arc ......................................:	4
SUMMARY-	Circle ...................................:	4
SUMMARY-	Line .....................................:	4
SUMMARY-	Layout ...................................:	6
SUMMARY-	------------------------------------------------------------------
SUMMARY-	Total ....................................:	18
SUMMARY-	------------------------------------------------------------------
SUMMARY-
INFO-
INFO-		End of Translation: Thu Apr 17 08:30:22 2025
INFO-		Translation CPU time: 0 m, 0 sINFO-
